{
  "label": "Application Wizard.AbstractWebviewPanel",
  "level": "error",
  "message": "receiveIsWebviewReady - Request timed out",
  "time": "2021-11-03T04:43:41.777Z"
}
{
  "error": {},
  "label": "Application Wizard.Webview Rpc.RpcExtension.RpcCommon",
  "level": "error",
  "message": "handleRequest: Failed processing request rpc-request id: 0.7046563018216832",
  "time": "2021-11-03T04:43:41.782Z"
}
{
  "error": {},
  "label": "Application Wizard.Webview Rpc.RpcExtension.RpcCommon",
  "level": "error",
  "message": "handleRequest: Failed processing request rpc-request id: 0.9106668706503966",
  "time": "2021-11-03T05:27:12.976Z"
}
{
  "label": "Application Wizard.AbstractWebviewPanel",
  "level": "error",
  "message": "receiveIsWebviewReady - Request timed out",
  "time": "2021-11-03T06:30:52.852Z"
}
{
  "error": {},
  "label": "Application Wizard.Webview Rpc.RpcExtension.RpcCommon",
  "level": "error",
  "message": "handleRequest: Failed processing request rpc-request id: 0.24066528906837803",
  "time": "2021-11-03T06:30:52.855Z"
}
