{
  "error": {},
  "label": "Application Wizard.Webview Rpc.RpcExtension.RpcCommon",
  "level": "error",
  "message": "handleRequest: Failed processing request rpc-request id: 0.1506662052580623",
  "time": "2021-11-01T06:37:21.242Z"
}
{
  "label": "Application Wizard.AbstractWebviewPanel",
  "level": "error",
  "message": "@sap/fiori:app generator failed - process.on(uncaughtException) Unhandled error. ('Request timed out')",
  "stack": "Error [ERR_UNHANDLED_ERROR]: Unhandled error. ('Request timed out')\n    at default_1.emit (events.js:303:17)\n    at Immediate._onImmediate (/extbin/npm/globals/lib/node_modules/@sap/generator-fiori/node_modules/yeoman-generator/lib/index.js:791:20)\n    at processImmediate (internal/timers.js:461:21)",
  "time": "2021-11-01T07:34:01.408Z"
}
{
  "label": "Application Wizard.AbstractWebviewPanel",
  "level": "error",
  "message": "@sap/fiori:app generator failed - process.on(uncaughtException) process.on(uncaughtException) Unhandled error. ('Request timed out')",
  "stack": "Error [ERR_UNHANDLED_ERROR]: Unhandled error. ('Request timed out')\n    at default_1.emit (events.js:303:17)\n    at Immediate._onImmediate (/extbin/npm/globals/lib/node_modules/@sap/generator-fiori/node_modules/yeoman-generator/lib/index.js:791:20)\n    at processImmediate (internal/timers.js:461:21)",
  "time": "2021-11-01T07:34:01.417Z"
}
